<?xml version="1.0" encoding="UTF-8"?>
<!-- Generated by org.testng.reporters.JUnitReportReporter -->
<testsuite hostname="3c063003d46e" failures="0" tests="7" name="com.amazonaws.kinesisvideo.parser.mkv.StreamingMkvReaderTest" time="0.064" errors="0" timestamp="21 Sep 2023 02:23:32 GMT">
  <testcase classname="com.amazonaws.kinesisvideo.parser.mkv.StreamingMkvReaderTest" name="testGetDataOutputMkvTagNameWithPathFileWrite" time="0.020"/>
  <testcase classname="com.amazonaws.kinesisvideo.parser.mkv.StreamingMkvReaderTest" name="testGetDataOutputMkvTagNameWithPath" time="0.009"/>
  <testcase classname="com.amazonaws.kinesisvideo.parser.mkv.StreamingMkvReaderTest" name="testClustersMkvAllElementsWithPath" time="0.006"/>
  <testcase classname="com.amazonaws.kinesisvideo.parser.mkv.StreamingMkvReaderTest" name="testClustersMkvIdAndOffset" time="0.008"/>
  <testcase classname="com.amazonaws.kinesisvideo.parser.mkv.StreamingMkvReaderTest" name="testGetDataOutputMkvAllElementsWithPath" time="0.009"/>
  <testcase classname="com.amazonaws.kinesisvideo.parser.mkv.StreamingMkvReaderTest" name="testClustersMkvSimpleBlockWithPath" time="0.006"/>
  <testcase classname="com.amazonaws.kinesisvideo.parser.mkv.StreamingMkvReaderTest" name="testClustersMkvAllElementsWithoutPath" time="0.006"/>
</testsuite> <!-- com.amazonaws.kinesisvideo.parser.mkv.StreamingMkvReaderTest -->
