<?xml version="1.0" encoding="UTF-8"?>
<!-- Generated by org.testng.reporters.JUnitReportReporter -->
<testsuite hostname="3c063003d46e" failures="0" tests="3" name="com.amazonaws.kinesisvideo.parser.utilities.FrameVisitorTest" time="0.117" errors="0" timestamp="21 Sep 2023 02:23:32 GMT">
  <testcase classname="com.amazonaws.kinesisvideo.parser.utilities.FrameVisitorTest" name="testForVideoFrames" time="0.028"/>
  <testcase classname="com.amazonaws.kinesisvideo.parser.utilities.FrameVisitorTest" name="testForAudioFrames" time="0.060"/>
  <testcase classname="com.amazonaws.kinesisvideo.parser.utilities.FrameVisitorTest" name="testWithMkvVideo" time="0.029"/>
</testsuite> <!-- com.amazonaws.kinesisvideo.parser.utilities.FrameVisitorTest -->
