<?xml version="1.0" encoding="UTF-8"?>
<!-- Generated by org.testng.reporters.JUnitReportReporter -->
<testsuite hostname="3c063003d46e" failures="0" tests="7" name="com.amazonaws.kinesisvideo.parser.ebml.EBMLUtilsTest" time="0.001" errors="0" timestamp="21 Sep 2023 02:23:32 GMT">
  <testcase classname="com.amazonaws.kinesisvideo.parser.ebml.EBMLUtilsTest" name="readPositiveSignedInteger1byte" time="0.000"/>
  <testcase classname="com.amazonaws.kinesisvideo.parser.ebml.EBMLUtilsTest" name="readSignedInteger7bytes" time="0.000"/>
  <testcase classname="com.amazonaws.kinesisvideo.parser.ebml.EBMLUtilsTest" name="readUnsignedInteger" time="0.001"/>
  <testcase classname="com.amazonaws.kinesisvideo.parser.ebml.EBMLUtilsTest" name="readSignedInteger2bytes" time="0.000"/>
  <testcase classname="com.amazonaws.kinesisvideo.parser.ebml.EBMLUtilsTest" name="readSignedInteger1byte" time="0.000"/>
  <testcase classname="com.amazonaws.kinesisvideo.parser.ebml.EBMLUtilsTest" name="readSignedInteger8bytes" time="0.000"/>
  <testcase classname="com.amazonaws.kinesisvideo.parser.ebml.EBMLUtilsTest" name="readUnsignedIntegerSevenBytesOrLessTwoBytes" time="0.000"/>
</testsuite> <!-- com.amazonaws.kinesisvideo.parser.ebml.EBMLUtilsTest -->
