<?xml version="1.0" encoding="UTF-8"?>
<!-- Generated by org.testng.reporters.JUnitReportReporter -->
<testsuite hostname="3c063003d46e" failures="3" tests="3" name="com.amazonaws.kinesisvideo.parser.examples.KinesisVideoRendererExampleTest" time="0.000" errors="0" timestamp="21 Sep 2023 02:23:32 GMT">
  <testcase classname="com.amazonaws.kinesisvideo.parser.examples.KinesisVideoRendererExampleTest" name="testDifferentResolution" time="0.000"/>
  <testcase classname="com.amazonaws.kinesisvideo.parser.examples.KinesisVideoRendererExampleTest" name="testExample" time="0.000"/>
  <testcase classname="com.amazonaws.kinesisvideo.parser.examples.KinesisVideoRendererExampleTest" name="testConsumerExample" time="0.000"/>
</testsuite> <!-- com.amazonaws.kinesisvideo.parser.examples.KinesisVideoRendererExampleTest -->
