<?xml version="1.0" encoding="UTF-8"?>
<!-- Generated by org.testng.reporters.JUnitReportReporter -->
<testsuite hostname="3c063003d46e" failures="0" tests="4" name="com.amazonaws.kinesisvideo.parser.mkv.visitors.CopyVisitorTest" time="0.058" errors="0" timestamp="21 Sep 2023 02:23:32 GMT">
  <testcase classname="com.amazonaws.kinesisvideo.parser.mkv.visitors.CopyVisitorTest" name="testTwoCopiesAtOnceGetMediaOutput" time="0.020"/>
  <testcase classname="com.amazonaws.kinesisvideo.parser.mkv.visitors.CopyVisitorTest" name="testTwoCopiesAtOnce" time="0.011"/>
  <testcase classname="com.amazonaws.kinesisvideo.parser.mkv.visitors.CopyVisitorTest" name="testOneCopy" time="0.013"/>
  <testcase classname="com.amazonaws.kinesisvideo.parser.mkv.visitors.CopyVisitorTest" name="testOneCopyGetMediaOutput" time="0.014"/>
</testsuite> <!-- com.amazonaws.kinesisvideo.parser.mkv.visitors.CopyVisitorTest -->
