<?xml version="1.0" encoding="UTF-8"?>
<!-- Generated by org.testng.reporters.JUnitReportReporter -->
<testsuite hostname="3c063003d46e" failures="0" tests="10" name="com.amazonaws.kinesisvideo.parser.ebml.EBMLParserTest" time="0.197" errors="0" timestamp="21 Sep 2023 02:23:32 GMT">
  <testcase classname="com.amazonaws.kinesisvideo.parser.ebml.EBMLParserTest" name="testMasterElementOneChildElementUnknownLengthMultipleChunks" time="0.000"/>
  <testcase classname="com.amazonaws.kinesisvideo.parser.ebml.EBMLParserTest" name="testInputStreamReturningEoF" time="0.001"/>
  <testcase classname="com.amazonaws.kinesisvideo.parser.ebml.EBMLParserTest" name="testWithMultipleMasterElementsAndChildElements" time="0.002"/>
  <testcase classname="com.amazonaws.kinesisvideo.parser.ebml.EBMLParserTest" name="testEBMLElementInOneStep" time="0.000"/>
  <testcase classname="com.amazonaws.kinesisvideo.parser.ebml.EBMLParserTest" name="testMasterElementOneChildElementSizeBasedTerminationMultipleChunks" time="0.000"/>
  <testcase classname="com.amazonaws.kinesisvideo.parser.ebml.EBMLParserTest" name="testMasterElementOneChildElementSizeBasedTermination" time="0.193"/>
  <testcase classname="com.amazonaws.kinesisvideo.parser.ebml.EBMLParserTest" name="unknownElementsTest" time="0.000"/>
  <testcase classname="com.amazonaws.kinesisvideo.parser.ebml.EBMLParserTest" name="testEBMLElementInThreeSteps" time="0.000"/>
  <testcase classname="com.amazonaws.kinesisvideo.parser.ebml.EBMLParserTest" name="testMasterElementOneChildElementUnknownLength" time="0.000"/>
  <testcase classname="com.amazonaws.kinesisvideo.parser.ebml.EBMLParserTest" name="testMasterElementWithUnknownLengthAndEndOfStream" time="0.001"/>
</testsuite> <!-- com.amazonaws.kinesisvideo.parser.ebml.EBMLParserTest -->
