<?xml version="1.0" encoding="UTF-8"?>
<!-- Generated by org.testng.reporters.JUnitReportReporter -->
<testsuite hostname="3c063003d46e" failures="1" tests="5" name="com.amazonaws.kinesisvideo.parser.utilities.consumer.MergedOutputPiperTest" time="0.062" errors="0" timestamp="21 Sep 2023 02:23:32 GMT">
  <testcase classname="com.amazonaws.kinesisvideo.parser.utilities.consumer.MergedOutputPiperTest" name="testGStreamerVideoSink" time="0.000"/>
  <testcase classname="com.amazonaws.kinesisvideo.parser.utilities.consumer.MergedOutputPiperTest" name="testGStreamerFileSinkWithFactory" time="0.002"/>
  <testcase classname="com.amazonaws.kinesisvideo.parser.utilities.consumer.MergedOutputPiperTest" name="testBasicNonIncreasingTimecode" time="0.017"/>
  <testcase classname="com.amazonaws.kinesisvideo.parser.utilities.consumer.MergedOutputPiperTest" name="testBasic" time="0.042"/>
  <testcase classname="com.amazonaws.kinesisvideo.parser.utilities.consumer.MergedOutputPiperTest" name="testGStreamerFileSink" time="0.001"/>
</testsuite> <!-- com.amazonaws.kinesisvideo.parser.utilities.consumer.MergedOutputPiperTest -->
