<?xml version="1.0" encoding="UTF-8"?>
<!-- Generated by org.testng.reporters.JUnitReportReporter -->
<testsuite hostname="3c063003d46e" failures="1" tests="10" name="com.amazonaws.kinesisvideo.parser.utilities.OutputSegmentMergerTest" time="0.120" errors="0" timestamp="21 Sep 2023 02:23:32 GMT">
  <testcase classname="com.amazonaws.kinesisvideo.parser.utilities.OutputSegmentMergerTest" name="mergeWithStopAfterFirstSegment" time="0.007"/>
  <testcase classname="com.amazonaws.kinesisvideo.parser.utilities.OutputSegmentMergerTest" name="mergeWithTimeCodeBackwards" time="0.015"/>
  <testcase classname="com.amazonaws.kinesisvideo.parser.utilities.OutputSegmentMergerTest" name="stopWithTimeCodeBackwards" time="0.008"/>
  <testcase classname="com.amazonaws.kinesisvideo.parser.utilities.OutputSegmentMergerTest" name="perfTest" time="0.000"/>
  <testcase classname="com.amazonaws.kinesisvideo.parser.utilities.OutputSegmentMergerTest" name="basicTest" time="0.006"/>
  <testcase classname="com.amazonaws.kinesisvideo.parser.utilities.OutputSegmentMergerTest" name="mergeTracksAndEBML" time="0.017"/>
  <testcase classname="com.amazonaws.kinesisvideo.parser.utilities.OutputSegmentMergerTest" name="packClustersWithSparseData" time="0.022"/>
  <testcase classname="com.amazonaws.kinesisvideo.parser.utilities.OutputSegmentMergerTest" name="mergeTracks" time="0.019"/>
  <testcase classname="com.amazonaws.kinesisvideo.parser.utilities.OutputSegmentMergerTest" name="stopWithTimeCodeEqual" time="0.009"/>
  <testcase classname="com.amazonaws.kinesisvideo.parser.utilities.OutputSegmentMergerTest" name="mergeEBMLHeaders" time="0.017"/>
</testsuite> <!-- com.amazonaws.kinesisvideo.parser.utilities.OutputSegmentMergerTest -->
