<?xml version="1.0" encoding="UTF-8"?>
<!-- Generated by org.testng.reporters.JUnitReportReporter -->
<testsuite hostname="3c063003d46e" failures="2" tests="2" name="com.amazonaws.kinesisvideo.parser.examples.KinesisVideoExampleTest" time="0.000" errors="0" timestamp="21 Sep 2023 02:23:32 GMT">
  <testcase classname="com.amazonaws.kinesisvideo.parser.examples.KinesisVideoExampleTest" name="testConsumerExample" time="0.000"/>
  <testcase classname="com.amazonaws.kinesisvideo.parser.examples.KinesisVideoExampleTest" name="testExample" time="0.000"/>
</testsuite> <!-- com.amazonaws.kinesisvideo.parser.examples.KinesisVideoExampleTest -->
