<?xml version="1.0" encoding="UTF-8"?>
<!-- Generated by org.testng.reporters.JUnitReportReporter -->
<testsuite hostname="3c063003d46e" failures="0" tests="2" name="com.amazonaws.kinesisvideo.parser.utilities.H264FrameDecoderTest" time="5.524" errors="0" timestamp="21 Sep 2023 02:23:32 GMT">
  <testcase classname="com.amazonaws.kinesisvideo.parser.utilities.H264FrameDecoderTest" name="frameDecodeCountTest" time="2.508"/>
  <testcase classname="com.amazonaws.kinesisvideo.parser.utilities.H264FrameDecoderTest" name="frameDecodeForDifferentResolution" time="3.016"/>
</testsuite> <!-- com.amazonaws.kinesisvideo.parser.utilities.H264FrameDecoderTest -->
