<?xml version="1.0" encoding="UTF-8"?>
<!-- Generated by org.testng.reporters.JUnitReportReporter -->
<testsuite hostname="3c063003d46e" failures="0" tests="2" name="com.amazonaws.kinesisvideo.parser.utilities.FrameRendererTest" time="4.754" errors="0" timestamp="21 Sep 2023 02:23:32 GMT">
  <testcase classname="com.amazonaws.kinesisvideo.parser.utilities.FrameRendererTest" name="frameCountTest2" time="1.587"/>
  <testcase classname="com.amazonaws.kinesisvideo.parser.utilities.FrameRendererTest" name="frameCountTest" time="3.167"/>
</testsuite> <!-- com.amazonaws.kinesisvideo.parser.utilities.FrameRendererTest -->
