<?xml version="1.0" encoding="UTF-8"?>
<!-- Generated by org.testng.reporters.JUnitReportReporter -->
<testsuite hostname="3c063003d46e" failures="0" tests="6" name="com.amazonaws.kinesisvideo.parser.utilities.FragmentMetadataVisitorTest" time="0.044" errors="0" timestamp="21 Sep 2023 02:23:32 GMT">
  <testcase classname="com.amazonaws.kinesisvideo.parser.utilities.FragmentMetadataVisitorTest" name="basicTest" time="0.012"/>
  <testcase classname="com.amazonaws.kinesisvideo.parser.utilities.FragmentMetadataVisitorTest" name="testMkvTags_NoCluster" time="0.001"/>
  <testcase classname="com.amazonaws.kinesisvideo.parser.utilities.FragmentMetadataVisitorTest" name="testFragmentMetadata_NoFragementMetadata_withMkv" time="0.006"/>
  <testcase classname="com.amazonaws.kinesisvideo.parser.utilities.FragmentMetadataVisitorTest" name="withOutputSegmentMergerTest" time="0.012"/>
  <testcase classname="com.amazonaws.kinesisvideo.parser.utilities.FragmentMetadataVisitorTest" name="testMkvTags_MixedCluster" time="0.011"/>
  <testcase classname="com.amazonaws.kinesisvideo.parser.utilities.FragmentMetadataVisitorTest" name="testFragmentNumbers_NoClusterData" time="0.002"/>
</testsuite> <!-- com.amazonaws.kinesisvideo.parser.utilities.FragmentMetadataVisitorTest -->
