<?xml version="1.0" encoding="UTF-8"?>
<!-- Generated by org.testng.reporters.JUnitReportReporter -->
<testsuite hostname="3c063003d46e" failures="0" tests="1" name="com.amazonaws.kinesisvideo.parser.mkv.ElementSizeAndOffsetVisitorTest" time="0.008" errors="0" timestamp="21 Sep 2023 02:23:32 GMT">
  <testcase classname="com.amazonaws.kinesisvideo.parser.mkv.ElementSizeAndOffsetVisitorTest" name="basicTest" time="0.008"/>
</testsuite> <!-- com.amazonaws.kinesisvideo.parser.mkv.ElementSizeAndOffsetVisitorTest -->
