<?xml version="1.0" encoding="UTF-8"?>
<testsuite xmlns:xsi="http://www.w3.org/2001/XMLSchema-instance" xsi:noNamespaceSchemaLocation="https://maven.apache.org/surefire/maven-surefire-plugin/xsd/surefire-test-report-3.0.xsd" version="3.0" name="TestSuite" time="11.393" tests="67" errors="0" skipped="9" failures="0">
  <properties>
    <property name="gopherProxySet" value="false"/>
    <property name="awt.toolkit" value="sun.lwawt.macosx.LWCToolkit"/>
    <property name="java.specification.version" value="11"/>
    <property name="sun.cpu.isalist" value=""/>
    <property name="sun.jnu.encoding" value="UTF-8"/>
    <property name="java.class.path" value="/Users/quangchu/IdeaProjects/kinesis-video-stream/amazon-kinesis-video-streams-parser-library/target/test-classes:/Users/quangchu/IdeaProjects/kinesis-video-stream/amazon-kinesis-video-streams-parser-library/target/classes:/Users/quangchu/.m2/repository/com/amazonaws/aws-java-sdk-rekognition/1.12.162/aws-java-sdk-rekognition-1.12.162.jar:/Users/quangchu/.m2/repository/com/amazonaws/aws-java-sdk-core/1.12.162/aws-java-sdk-core-1.12.162.jar:/Users/quangchu/.m2/repository/commons-codec/commons-codec/1.15/commons-codec-1.15.jar:/Users/quangchu/.m2/repository/org/apache/httpcomponents/httpclient/4.5.13/httpclient-4.5.13.jar:/Users/quangchu/.m2/repository/software/amazon/ion/ion-java/1.0.2/ion-java-1.0.2.jar:/Users/quangchu/.m2/repository/com/fasterxml/jackson/core/jackson-databind/2.13.4.2/jackson-databind-2.13.4.2.jar:/Users/quangchu/.m2/repository/com/fasterxml/jackson/core/jackson-annotations/2.13.4/jackson-annotations-2.13.4.jar:/Users/quangchu/.m2/repository/com/fasterxml/jackson/dataformat/jackson-dataformat-cbor/2.12.3/jackson-dataformat-cbor-2.12.3.jar:/Users/quangchu/.m2/repository/com/amazonaws/jmespath-java/1.12.162/jmespath-java-1.12.162.jar:/Users/quangchu/.m2/repository/com/amazonaws/aws-java-sdk-kinesisvideo/1.12.162/aws-java-sdk-kinesisvideo-1.12.162.jar:/Users/quangchu/.m2/repository/io/netty/netty-codec-http/4.1.72.Final/netty-codec-http-4.1.72.Final.jar:/Users/quangchu/.m2/repository/io/netty/netty-common/4.1.72.Final/netty-common-4.1.72.Final.jar:/Users/quangchu/.m2/repository/io/netty/netty-buffer/4.1.72.Final/netty-buffer-4.1.72.Final.jar:/Users/quangchu/.m2/repository/io/netty/netty-transport/4.1.72.Final/netty-transport-4.1.72.Final.jar:/Users/quangchu/.m2/repository/io/netty/netty-codec/4.1.72.Final/netty-codec-4.1.72.Final.jar:/Users/quangchu/.m2/repository/io/netty/netty-handler/4.1.72.Final/netty-handler-4.1.72.Final.jar:/Users/quangchu/.m2/repository/io/netty/netty-resolver/4.1.72.Final/netty-resolver-4.1.72.Final.jar:/Users/quangchu/.m2/repository/io/netty/netty-tcnative-classes/2.0.46.Final/netty-tcnative-classes-2.0.46.Final.jar:/Users/quangchu/.m2/repository/com/amazonaws/aws-java-sdk-kinesis/1.12.162/aws-java-sdk-kinesis-1.12.162.jar:/Users/quangchu/.m2/repository/com/amazonaws/aws-java-sdk-dynamodb/1.12.162/aws-java-sdk-dynamodb-1.12.162.jar:/Users/quangchu/.m2/repository/com/amazonaws/aws-java-sdk-s3/1.12.162/aws-java-sdk-s3-1.12.162.jar:/Users/quangchu/.m2/repository/com/amazonaws/aws-java-sdk-kms/1.12.162/aws-java-sdk-kms-1.12.162.jar:/Users/quangchu/.m2/repository/com/amazonaws/amazon-kinesis-video-streams-producer-sdk-java/1.12.0/amazon-kinesis-video-streams-producer-sdk-java-1.12.0.jar:/Users/quangchu/.m2/repository/com/google/inject/guice/5.1.0/guice-5.1.0.jar:/Users/quangchu/.m2/repository/javax/inject/javax.inject/1/javax.inject-1.jar:/Users/quangchu/.m2/repository/aopalliance/aopalliance/1.0/aopalliance-1.0.jar:/Users/quangchu/.m2/repository/com/google/code/findbugs/jsr305/3.0.2/jsr305-3.0.2.jar:/Users/quangchu/.m2/repository/com/google/code/findbugs/annotations/3.0.1/annotations-3.0.1.jar:/Users/quangchu/.m2/repository/net/jcip/jcip-annotations/1.0/jcip-annotations-1.0.jar:/Users/quangchu/.m2/repository/com/google/code/gson/gson/2.9.0/gson-2.9.0.jar:/Users/quangchu/.m2/repository/javax/measure/jsr-275/0.9.1/jsr-275-0.9.1.jar:/Users/quangchu/.m2/repository/com/google/inject/extensions/guice-multibindings/4.2.3/guice-multibindings-4.2.3.jar:/Users/quangchu/.m2/repository/commons-io/commons-io/2.11.0/commons-io-2.11.0.jar:/Users/quangchu/.m2/repository/org/apache/httpcomponents/httpasyncclient/4.1.5/httpasyncclient-4.1.5.jar:/Users/quangchu/.m2/repository/org/apache/httpcomponents/httpcore/4.4.15/httpcore-4.4.15.jar:/Users/quangchu/.m2/repository/org/apache/httpcomponents/httpcore-nio/4.4.15/httpcore-nio-4.4.15.jar:/Users/quangchu/.m2/repository/org/apache/logging/log4j/log4j-core/2.17.1/log4j-core-2.17.1.jar:/Users/quangchu/.m2/repository/org/apache/logging/log4j/log4j-api/2.17.1/log4j-api-2.17.1.jar:/Users/quangchu/.m2/repository/com/amazonaws/amazon-kinesis-client/1.14.10/amazon-kinesis-client-1.14.10.jar:/Users/quangchu/.m2/repository/com/amazonaws/aws-java-sdk-cloudwatch/1.12.162/aws-java-sdk-cloudwatch-1.12.162.jar:/Users/quangchu/.m2/repository/com/google/guava/guava/31.0.1-jre/guava-31.0.1-jre.jar:/Users/quangchu/.m2/repository/com/google/guava/failureaccess/1.0.1/failureaccess-1.0.1.jar:/Users/quangchu/.m2/repository/com/google/guava/listenablefuture/9999.0-empty-to-avoid-conflict-with-guava/listenablefuture-9999.0-empty-to-avoid-conflict-with-guava.jar:/Users/quangchu/.m2/repository/org/checkerframework/checker-qual/3.12.0/checker-qual-3.12.0.jar:/Users/quangchu/.m2/repository/com/google/errorprone/error_prone_annotations/2.7.1/error_prone_annotations-2.7.1.jar:/Users/quangchu/.m2/repository/com/google/j2objc/j2objc-annotations/1.3/j2objc-annotations-1.3.jar:/Users/quangchu/.m2/repository/com/google/protobuf/protobuf-java/3.19.6/protobuf-java-3.19.6.jar:/Users/quangchu/.m2/repository/commons-logging/commons-logging/1.2/commons-logging-1.2.jar:/Users/quangchu/.m2/repository/com/fasterxml/jackson/core/jackson-core/2.13.0/jackson-core-2.13.0.jar:/Users/quangchu/.m2/repository/com/amazonaws/aws-lambda-java-core/1.2.1/aws-lambda-java-core-1.2.1.jar:/Users/quangchu/.m2/repository/com/amazonaws/aws-lambda-java-events/2.2.9/aws-lambda-java-events-2.2.9.jar:/Users/quangchu/.m2/repository/joda-time/joda-time/2.6/joda-time-2.6.jar:/Users/quangchu/.m2/repository/org/jcodec/jcodec/0.2.3/jcodec-0.2.3.jar:/Users/quangchu/.m2/repository/org/jcodec/jcodec-javase/0.2.3/jcodec-javase-0.2.3.jar:/Users/quangchu/.m2/repository/junit/junit/4.13.2/junit-4.13.2.jar:/Users/quangchu/.m2/repository/org/hamcrest/hamcrest-core/1.3/hamcrest-core-1.3.jar:/Users/quangchu/.m2/repository/org/projectlombok/lombok/1.18.22/lombok-1.18.22.jar:/Users/quangchu/.m2/repository/org/apache/commons/commons-lang3/3.12.0/commons-lang3-3.12.0.jar:/Users/quangchu/.m2/repository/com/amazonaws/aws-lambda-java-log4j2/1.5.1/aws-lambda-java-log4j2-1.5.1.jar:/Users/quangchu/.m2/repository/org/apache/logging/log4j/log4j-slf4j-impl/2.17.2/log4j-slf4j-impl-2.17.2.jar:/Users/quangchu/.m2/repository/org/slf4j/slf4j-api/1.7.25/slf4j-api-1.7.25.jar:/Users/quangchu/.m2/repository/org/powermock/powermock-core/1.6.4/powermock-core-1.6.4.jar:/Users/quangchu/.m2/repository/org/javassist/javassist/3.20.0-GA/javassist-3.20.0-GA.jar:/Users/quangchu/.m2/repository/org/powermock/powermock-api-mockito/1.6.4/powermock-api-mockito-1.6.4.jar:/Users/quangchu/.m2/repository/org/mockito/mockito-core/1.10.19/mockito-core-1.10.19.jar:/Users/quangchu/.m2/repository/org/powermock/powermock-module-junit4-common/1.6.4/powermock-module-junit4-common-1.6.4.jar:/Users/quangchu/.m2/repository/org/powermock/powermock-module-junit4/1.6.4/powermock-module-junit4-1.6.4.jar:/Users/quangchu/.m2/repository/org/powermock/powermock-module-junit4-legacy/1.6.4/powermock-module-junit4-legacy-1.6.4.jar:/Users/quangchu/.m2/repository/org/powermock/powermock-module-junit3/1.6.4/powermock-module-junit3-1.6.4.jar:/Users/quangchu/.m2/repository/org/powermock/powermock-reflect/1.6.4/powermock-reflect-1.6.4.jar:/Users/quangchu/.m2/repository/org/objenesis/objenesis/2.1/objenesis-2.1.jar:/Users/quangchu/.m2/repository/org/powermock/powermock-api-support/1.6.4/powermock-api-support-1.6.4.jar:/Users/quangchu/.m2/repository/org/powermock/powermock-module-testng/1.6.4/powermock-module-testng-1.6.4.jar:/Users/quangchu/.m2/repository/org/testng/testng/6.8.21/testng-6.8.21.jar:/Users/quangchu/.m2/repository/org/beanshell/bsh/2.0b4/bsh-2.0b4.jar:/Users/quangchu/.m2/repository/com/beust/jcommander/1.27/jcommander-1.27.jar:/Users/quangchu/.m2/repository/org/powermock/powermock-module-testng-common/1.6.4/powermock-module-testng-common-1.6.4.jar:/Users/quangchu/.m2/repository/org/powermock/powermock-classloading-base/1.6.4/powermock-classloading-base-1.6.4.jar:/Users/quangchu/.m2/repository/org/powermock/powermock-core/1.6.4/powermock-core-1.6.4-sources.jar:/Users/quangchu/.m2/repository/org/powermock/powermock-api-mockito/1.6.4/powermock-api-mockito-1.6.4-sources.jar:/Users/quangchu/.m2/repository/org/powermock/powermock-module-junit4-common/1.6.4/powermock-module-junit4-common-1.6.4-sources.jar:/Users/quangchu/.m2/repository/org/powermock/powermock-module-junit4/1.6.4/powermock-module-junit4-1.6.4-sources.jar:/Users/quangchu/.m2/repository/org/powermock/powermock-module-junit4-legacy/1.6.4/powermock-module-junit4-legacy-1.6.4-sources.jar:/Users/quangchu/.m2/repository/org/powermock/powermock-module-junit3/1.6.4/powermock-module-junit3-1.6.4-sources.jar:/Users/quangchu/.m2/repository/org/powermock/powermock-module-testng/1.6.4/powermock-module-testng-1.6.4-sources.jar:/Users/quangchu/.m2/repository/org/powermock/powermock-reflect/1.6.4/powermock-reflect-1.6.4-sources.jar:/Users/quangchu/.m2/repository/org/powermock/powermock-api-support/1.6.4/powermock-api-support-1.6.4-sources.jar:/Users/quangchu/.m2/repository/org/powermock/powermock-classloading-base/1.6.4/powermock-classloading-base-1.6.4-sources.jar:"/>
    <property name="sun.awt.enableExtraMouseButtons" value="true"/>
    <property name="java.vm.vendor" value="Amazon.com Inc."/>
    <property name="sun.arch.data.model" value="64"/>
    <property name="sun.font.fontmanager" value="sun.font.CFontManager"/>
    <property name="java.vendor.url" value="https://aws.amazon.com/corretto/"/>
    <property name="user.timezone" value="Asia/Ho_Chi_Minh"/>
    <property name="java.vm.specification.version" value="11"/>
    <property name="os.name" value="Mac OS X"/>
    <property name="sun.java.launcher" value="SUN_STANDARD"/>
    <property name="user.country" value="VN"/>
    <property name="sun.boot.library.path" value="/Library/Java/JavaVirtualMachines/amazon-corretto-11.jdk/Contents/Home/lib"/>
    <property name="sun.java.command" value="/Users/quangchu/IdeaProjects/kinesis-video-stream/amazon-kinesis-video-streams-parser-library/target/surefire/surefirebooter-20230921092321060_3.jar /Users/quangchu/IdeaProjects/kinesis-video-stream/amazon-kinesis-video-streams-parser-library/target/surefire 2023-09-21T09-23-21_013-jvmRun1 surefire-20230921092321060_1tmp surefire_0-20230921092321060_2tmp"/>
    <property name="jdk.debug" value="release"/>
    <property name="surefire.test.class.path" value="/Users/quangchu/IdeaProjects/kinesis-video-stream/amazon-kinesis-video-streams-parser-library/target/test-classes:/Users/quangchu/IdeaProjects/kinesis-video-stream/amazon-kinesis-video-streams-parser-library/target/classes:/Users/quangchu/.m2/repository/com/amazonaws/aws-java-sdk-rekognition/1.12.162/aws-java-sdk-rekognition-1.12.162.jar:/Users/quangchu/.m2/repository/com/amazonaws/aws-java-sdk-core/1.12.162/aws-java-sdk-core-1.12.162.jar:/Users/quangchu/.m2/repository/commons-codec/commons-codec/1.15/commons-codec-1.15.jar:/Users/quangchu/.m2/repository/org/apache/httpcomponents/httpclient/4.5.13/httpclient-4.5.13.jar:/Users/quangchu/.m2/repository/software/amazon/ion/ion-java/1.0.2/ion-java-1.0.2.jar:/Users/quangchu/.m2/repository/com/fasterxml/jackson/core/jackson-databind/2.13.4.2/jackson-databind-2.13.4.2.jar:/Users/quangchu/.m2/repository/com/fasterxml/jackson/core/jackson-annotations/2.13.4/jackson-annotations-2.13.4.jar:/Users/quangchu/.m2/repository/com/fasterxml/jackson/dataformat/jackson-dataformat-cbor/2.12.3/jackson-dataformat-cbor-2.12.3.jar:/Users/quangchu/.m2/repository/com/amazonaws/jmespath-java/1.12.162/jmespath-java-1.12.162.jar:/Users/quangchu/.m2/repository/com/amazonaws/aws-java-sdk-kinesisvideo/1.12.162/aws-java-sdk-kinesisvideo-1.12.162.jar:/Users/quangchu/.m2/repository/io/netty/netty-codec-http/4.1.72.Final/netty-codec-http-4.1.72.Final.jar:/Users/quangchu/.m2/repository/io/netty/netty-common/4.1.72.Final/netty-common-4.1.72.Final.jar:/Users/quangchu/.m2/repository/io/netty/netty-buffer/4.1.72.Final/netty-buffer-4.1.72.Final.jar:/Users/quangchu/.m2/repository/io/netty/netty-transport/4.1.72.Final/netty-transport-4.1.72.Final.jar:/Users/quangchu/.m2/repository/io/netty/netty-codec/4.1.72.Final/netty-codec-4.1.72.Final.jar:/Users/quangchu/.m2/repository/io/netty/netty-handler/4.1.72.Final/netty-handler-4.1.72.Final.jar:/Users/quangchu/.m2/repository/io/netty/netty-resolver/4.1.72.Final/netty-resolver-4.1.72.Final.jar:/Users/quangchu/.m2/repository/io/netty/netty-tcnative-classes/2.0.46.Final/netty-tcnative-classes-2.0.46.Final.jar:/Users/quangchu/.m2/repository/com/amazonaws/aws-java-sdk-kinesis/1.12.162/aws-java-sdk-kinesis-1.12.162.jar:/Users/quangchu/.m2/repository/com/amazonaws/aws-java-sdk-dynamodb/1.12.162/aws-java-sdk-dynamodb-1.12.162.jar:/Users/quangchu/.m2/repository/com/amazonaws/aws-java-sdk-s3/1.12.162/aws-java-sdk-s3-1.12.162.jar:/Users/quangchu/.m2/repository/com/amazonaws/aws-java-sdk-kms/1.12.162/aws-java-sdk-kms-1.12.162.jar:/Users/quangchu/.m2/repository/com/amazonaws/amazon-kinesis-video-streams-producer-sdk-java/1.12.0/amazon-kinesis-video-streams-producer-sdk-java-1.12.0.jar:/Users/quangchu/.m2/repository/com/google/inject/guice/5.1.0/guice-5.1.0.jar:/Users/quangchu/.m2/repository/javax/inject/javax.inject/1/javax.inject-1.jar:/Users/quangchu/.m2/repository/aopalliance/aopalliance/1.0/aopalliance-1.0.jar:/Users/quangchu/.m2/repository/com/google/code/findbugs/jsr305/3.0.2/jsr305-3.0.2.jar:/Users/quangchu/.m2/repository/com/google/code/findbugs/annotations/3.0.1/annotations-3.0.1.jar:/Users/quangchu/.m2/repository/net/jcip/jcip-annotations/1.0/jcip-annotations-1.0.jar:/Users/quangchu/.m2/repository/com/google/code/gson/gson/2.9.0/gson-2.9.0.jar:/Users/quangchu/.m2/repository/javax/measure/jsr-275/0.9.1/jsr-275-0.9.1.jar:/Users/quangchu/.m2/repository/com/google/inject/extensions/guice-multibindings/4.2.3/guice-multibindings-4.2.3.jar:/Users/quangchu/.m2/repository/commons-io/commons-io/2.11.0/commons-io-2.11.0.jar:/Users/quangchu/.m2/repository/org/apache/httpcomponents/httpasyncclient/4.1.5/httpasyncclient-4.1.5.jar:/Users/quangchu/.m2/repository/org/apache/httpcomponents/httpcore/4.4.15/httpcore-4.4.15.jar:/Users/quangchu/.m2/repository/org/apache/httpcomponents/httpcore-nio/4.4.15/httpcore-nio-4.4.15.jar:/Users/quangchu/.m2/repository/org/apache/logging/log4j/log4j-core/2.17.1/log4j-core-2.17.1.jar:/Users/quangchu/.m2/repository/org/apache/logging/log4j/log4j-api/2.17.1/log4j-api-2.17.1.jar:/Users/quangchu/.m2/repository/com/amazonaws/amazon-kinesis-client/1.14.10/amazon-kinesis-client-1.14.10.jar:/Users/quangchu/.m2/repository/com/amazonaws/aws-java-sdk-cloudwatch/1.12.162/aws-java-sdk-cloudwatch-1.12.162.jar:/Users/quangchu/.m2/repository/com/google/guava/guava/31.0.1-jre/guava-31.0.1-jre.jar:/Users/quangchu/.m2/repository/com/google/guava/failureaccess/1.0.1/failureaccess-1.0.1.jar:/Users/quangchu/.m2/repository/com/google/guava/listenablefuture/9999.0-empty-to-avoid-conflict-with-guava/listenablefuture-9999.0-empty-to-avoid-conflict-with-guava.jar:/Users/quangchu/.m2/repository/org/checkerframework/checker-qual/3.12.0/checker-qual-3.12.0.jar:/Users/quangchu/.m2/repository/com/google/errorprone/error_prone_annotations/2.7.1/error_prone_annotations-2.7.1.jar:/Users/quangchu/.m2/repository/com/google/j2objc/j2objc-annotations/1.3/j2objc-annotations-1.3.jar:/Users/quangchu/.m2/repository/com/google/protobuf/protobuf-java/3.19.6/protobuf-java-3.19.6.jar:/Users/quangchu/.m2/repository/commons-logging/commons-logging/1.2/commons-logging-1.2.jar:/Users/quangchu/.m2/repository/com/fasterxml/jackson/core/jackson-core/2.13.0/jackson-core-2.13.0.jar:/Users/quangchu/.m2/repository/com/amazonaws/aws-lambda-java-core/1.2.1/aws-lambda-java-core-1.2.1.jar:/Users/quangchu/.m2/repository/com/amazonaws/aws-lambda-java-events/2.2.9/aws-lambda-java-events-2.2.9.jar:/Users/quangchu/.m2/repository/joda-time/joda-time/2.6/joda-time-2.6.jar:/Users/quangchu/.m2/repository/org/jcodec/jcodec/0.2.3/jcodec-0.2.3.jar:/Users/quangchu/.m2/repository/org/jcodec/jcodec-javase/0.2.3/jcodec-javase-0.2.3.jar:/Users/quangchu/.m2/repository/junit/junit/4.13.2/junit-4.13.2.jar:/Users/quangchu/.m2/repository/org/hamcrest/hamcrest-core/1.3/hamcrest-core-1.3.jar:/Users/quangchu/.m2/repository/org/projectlombok/lombok/1.18.22/lombok-1.18.22.jar:/Users/quangchu/.m2/repository/org/apache/commons/commons-lang3/3.12.0/commons-lang3-3.12.0.jar:/Users/quangchu/.m2/repository/com/amazonaws/aws-lambda-java-log4j2/1.5.1/aws-lambda-java-log4j2-1.5.1.jar:/Users/quangchu/.m2/repository/org/apache/logging/log4j/log4j-slf4j-impl/2.17.2/log4j-slf4j-impl-2.17.2.jar:/Users/quangchu/.m2/repository/org/slf4j/slf4j-api/1.7.25/slf4j-api-1.7.25.jar:/Users/quangchu/.m2/repository/org/powermock/powermock-core/1.6.4/powermock-core-1.6.4.jar:/Users/quangchu/.m2/repository/org/javassist/javassist/3.20.0-GA/javassist-3.20.0-GA.jar:/Users/quangchu/.m2/repository/org/powermock/powermock-api-mockito/1.6.4/powermock-api-mockito-1.6.4.jar:/Users/quangchu/.m2/repository/org/mockito/mockito-core/1.10.19/mockito-core-1.10.19.jar:/Users/quangchu/.m2/repository/org/powermock/powermock-module-junit4-common/1.6.4/powermock-module-junit4-common-1.6.4.jar:/Users/quangchu/.m2/repository/org/powermock/powermock-module-junit4/1.6.4/powermock-module-junit4-1.6.4.jar:/Users/quangchu/.m2/repository/org/powermock/powermock-module-junit4-legacy/1.6.4/powermock-module-junit4-legacy-1.6.4.jar:/Users/quangchu/.m2/repository/org/powermock/powermock-module-junit3/1.6.4/powermock-module-junit3-1.6.4.jar:/Users/quangchu/.m2/repository/org/powermock/powermock-reflect/1.6.4/powermock-reflect-1.6.4.jar:/Users/quangchu/.m2/repository/org/objenesis/objenesis/2.1/objenesis-2.1.jar:/Users/quangchu/.m2/repository/org/powermock/powermock-api-support/1.6.4/powermock-api-support-1.6.4.jar:/Users/quangchu/.m2/repository/org/powermock/powermock-module-testng/1.6.4/powermock-module-testng-1.6.4.jar:/Users/quangchu/.m2/repository/org/testng/testng/6.8.21/testng-6.8.21.jar:/Users/quangchu/.m2/repository/org/beanshell/bsh/2.0b4/bsh-2.0b4.jar:/Users/quangchu/.m2/repository/com/beust/jcommander/1.27/jcommander-1.27.jar:/Users/quangchu/.m2/repository/org/powermock/powermock-module-testng-common/1.6.4/powermock-module-testng-common-1.6.4.jar:/Users/quangchu/.m2/repository/org/powermock/powermock-classloading-base/1.6.4/powermock-classloading-base-1.6.4.jar:/Users/quangchu/.m2/repository/org/powermock/powermock-core/1.6.4/powermock-core-1.6.4-sources.jar:/Users/quangchu/.m2/repository/org/powermock/powermock-api-mockito/1.6.4/powermock-api-mockito-1.6.4-sources.jar:/Users/quangchu/.m2/repository/org/powermock/powermock-module-junit4-common/1.6.4/powermock-module-junit4-common-1.6.4-sources.jar:/Users/quangchu/.m2/repository/org/powermock/powermock-module-junit4/1.6.4/powermock-module-junit4-1.6.4-sources.jar:/Users/quangchu/.m2/repository/org/powermock/powermock-module-junit4-legacy/1.6.4/powermock-module-junit4-legacy-1.6.4-sources.jar:/Users/quangchu/.m2/repository/org/powermock/powermock-module-junit3/1.6.4/powermock-module-junit3-1.6.4-sources.jar:/Users/quangchu/.m2/repository/org/powermock/powermock-module-testng/1.6.4/powermock-module-testng-1.6.4-sources.jar:/Users/quangchu/.m2/repository/org/powermock/powermock-reflect/1.6.4/powermock-reflect-1.6.4-sources.jar:/Users/quangchu/.m2/repository/org/powermock/powermock-api-support/1.6.4/powermock-api-support-1.6.4-sources.jar:/Users/quangchu/.m2/repository/org/powermock/powermock-classloading-base/1.6.4/powermock-classloading-base-1.6.4-sources.jar:"/>
    <property name="sun.cpu.endian" value="little"/>
    <property name="user.home" value="/Users/quangchu"/>
    <property name="user.language" value="en"/>
    <property name="java.specification.vendor" value="Oracle Corporation"/>
    <property name="java.version.date" value="2023-07-18"/>
    <property name="java.home" value="/Library/Java/JavaVirtualMachines/amazon-corretto-11.jdk/Contents/Home"/>
    <property name="file.separator" value="/"/>
    <property name="basedir" value="/Users/quangchu/IdeaProjects/kinesis-video-stream/amazon-kinesis-video-streams-parser-library"/>
    <property name="java.vm.compressedOopsMode" value="Zero based"/>
    <property name="line.separator" value="&#10;"/>
    <property name="java.specification.name" value="Java Platform API Specification"/>
    <property name="java.vm.specification.vendor" value="Oracle Corporation"/>
    <property name="java.awt.graphicsenv" value="sun.awt.CGraphicsEnvironment"/>
    <property name="surefire.real.class.path" value="/Users/quangchu/IdeaProjects/kinesis-video-stream/amazon-kinesis-video-streams-parser-library/target/surefire/surefirebooter-20230921092321060_3.jar"/>
    <property name="sun.management.compiler" value="HotSpot 64-Bit Tiered Compilers"/>
    <property name="java.runtime.version" value="11.0.20+8-LTS"/>
    <property name="user.name" value="quangchu"/>
    <property name="path.separator" value=":"/>
    <property name="os.version" value="13.5.2"/>
    <property name="java.runtime.name" value="OpenJDK Runtime Environment"/>
    <property name="file.encoding" value="UTF-8"/>
    <property name="java.vm.name" value="OpenJDK 64-Bit Server VM"/>
    <property name="java.vendor.version" value="Corretto-11.0.20.8.1"/>
    <property name="localRepository" value="/Users/quangchu/.m2/repository"/>
    <property name="java.vendor.url.bug" value="https://github.com/corretto/corretto-11/issues/"/>
    <property name="java.io.tmpdir" value="/var/folders/k4/5rb0yfbj5hb2l63qq44w4sr00000gr/T/"/>
    <property name="java.version" value="11.0.20"/>
    <property name="user.dir" value="/Users/quangchu/IdeaProjects/kinesis-video-stream/amazon-kinesis-video-streams-parser-library"/>
    <property name="os.arch" value="aarch64"/>
    <property name="java.vm.specification.name" value="Java Virtual Machine Specification"/>
    <property name="java.awt.printerjob" value="sun.lwawt.macosx.CPrinterJob"/>
    <property name="sun.os.patch.level" value="unknown"/>
    <property name="java.library.path" value="/Users/quangchu/Library/Java/Extensions:/Library/Java/Extensions:/Network/Library/Java/Extensions:/System/Library/Java/Extensions:/usr/lib/java:."/>
    <property name="java.vm.info" value="mixed mode"/>
    <property name="java.vendor" value="Amazon.com Inc."/>
    <property name="java.vm.version" value="11.0.20+8-LTS"/>
    <property name="java.specification.maintenance.version" value="2"/>
    <property name="sun.io.unicode.encoding" value="UnicodeBig"/>
    <property name="java.class.version" value="55.0"/>
  </properties>
  <testcase name="testMasterElementOneChildElementSizeBasedTermination on testMasterElementOneChildElementSizeBasedTermination(com.amazonaws.kinesisvideo.parser.ebml.EBMLParserTest)" classname="com.amazonaws.kinesisvideo.parser.ebml.EBMLParserTest" time="0.196"/>
  <testcase name="testWithMultipleMasterElementsAndChildElements on testWithMultipleMasterElementsAndChildElements(com.amazonaws.kinesisvideo.parser.ebml.EBMLParserTest)" classname="com.amazonaws.kinesisvideo.parser.ebml.EBMLParserTest" time="0.0"/>
  <testcase name="testEBMLElementInThreeSteps on testEBMLElementInThreeSteps(com.amazonaws.kinesisvideo.parser.ebml.EBMLParserTest)" classname="com.amazonaws.kinesisvideo.parser.ebml.EBMLParserTest" time="0.0"/>
  <testcase name="testMasterElementWithUnknownLengthAndEndOfStream on testMasterElementWithUnknownLengthAndEndOfStream(com.amazonaws.kinesisvideo.parser.ebml.EBMLParserTest)" classname="com.amazonaws.kinesisvideo.parser.ebml.EBMLParserTest" time="0.0"/>
  <testcase name="testEBMLElementInOneStep on testEBMLElementInOneStep(com.amazonaws.kinesisvideo.parser.ebml.EBMLParserTest)" classname="com.amazonaws.kinesisvideo.parser.ebml.EBMLParserTest" time="0.0"/>
  <testcase name="testMasterElementOneChildElementUnknownLength on testMasterElementOneChildElementUnknownLength(com.amazonaws.kinesisvideo.parser.ebml.EBMLParserTest)" classname="com.amazonaws.kinesisvideo.parser.ebml.EBMLParserTest" time="0.0"/>
  <testcase name="testMasterElementOneChildElementUnknownLengthMultipleChunks on testMasterElementOneChildElementUnknownLengthMultipleChunks(com.amazonaws.kinesisvideo.parser.ebml.EBMLParserTest)" classname="com.amazonaws.kinesisvideo.parser.ebml.EBMLParserTest" time="0.0"/>
  <testcase name="testMasterElementOneChildElementSizeBasedTerminationMultipleChunks on testMasterElementOneChildElementSizeBasedTerminationMultipleChunks(com.amazonaws.kinesisvideo.parser.ebml.EBMLParserTest)" classname="com.amazonaws.kinesisvideo.parser.ebml.EBMLParserTest" time="0.0"/>
  <testcase name="unknownElementsTest on unknownElementsTest(com.amazonaws.kinesisvideo.parser.ebml.EBMLParserTest)" classname="com.amazonaws.kinesisvideo.parser.ebml.EBMLParserTest" time="0.0"/>
  <testcase name="testInputStreamReturningEoF on testInputStreamReturningEoF(com.amazonaws.kinesisvideo.parser.ebml.EBMLParserTest)" classname="com.amazonaws.kinesisvideo.parser.ebml.EBMLParserTest" time="0.0"/>
  <testcase name="testExample on testExample(com.amazonaws.kinesisvideo.parser.examples.KinesisVideoRekognitionIntegrationExampleTest)" classname="com.amazonaws.kinesisvideo.parser.examples.KinesisVideoRekognitionIntegrationExampleTest" time="0.0">
    <skipped/>
  </testcase>
  <testcase name="testDifferentResolution on testDifferentResolution(com.amazonaws.kinesisvideo.parser.examples.KinesisVideoRendererExampleTest)" classname="com.amazonaws.kinesisvideo.parser.examples.KinesisVideoRendererExampleTest" time="0.0">
    <skipped/>
  </testcase>
  <testcase name="testExample on testExample(com.amazonaws.kinesisvideo.parser.examples.KinesisVideoRendererExampleTest)" classname="com.amazonaws.kinesisvideo.parser.examples.KinesisVideoRendererExampleTest" time="0.0">
    <skipped/>
  </testcase>
  <testcase name="testConsumerExample on testConsumerExample(com.amazonaws.kinesisvideo.parser.examples.KinesisVideoRendererExampleTest)" classname="com.amazonaws.kinesisvideo.parser.examples.KinesisVideoRendererExampleTest" time="0.0">
    <skipped/>
  </testcase>
  <testcase name="integerTest on integerTest(com.amazonaws.kinesisvideo.parser.mkv.MkvValueTest)" classname="com.amazonaws.kinesisvideo.parser.mkv.MkvValueTest" time="0.001"/>
  <testcase name="byteBufferTest on byteBufferTest(com.amazonaws.kinesisvideo.parser.mkv.MkvValueTest)" classname="com.amazonaws.kinesisvideo.parser.mkv.MkvValueTest" time="0.0"/>
  <testcase name="testExample on testExample(com.amazonaws.kinesisvideo.parser.examples.KinesisVideoExampleTest)" classname="com.amazonaws.kinesisvideo.parser.examples.KinesisVideoExampleTest" time="0.0">
    <skipped/>
  </testcase>
  <testcase name="testConsumerExample on testConsumerExample(com.amazonaws.kinesisvideo.parser.examples.KinesisVideoExampleTest)" classname="com.amazonaws.kinesisvideo.parser.examples.KinesisVideoExampleTest" time="0.0">
    <skipped/>
  </testcase>
  <testcase name="testForAudioFrames on testForAudioFrames(com.amazonaws.kinesisvideo.parser.utilities.FrameVisitorTest)" classname="com.amazonaws.kinesisvideo.parser.utilities.FrameVisitorTest" time="0.06"/>
  <testcase name="testWithMkvVideo on testWithMkvVideo(com.amazonaws.kinesisvideo.parser.utilities.FrameVisitorTest)" classname="com.amazonaws.kinesisvideo.parser.utilities.FrameVisitorTest" time="0.029"/>
  <testcase name="testForVideoFrames on testForVideoFrames(com.amazonaws.kinesisvideo.parser.utilities.FrameVisitorTest)" classname="com.amazonaws.kinesisvideo.parser.utilities.FrameVisitorTest" time="0.028"/>
  <testcase name="readUnsignedIntegerSevenBytesOrLessTwoBytes on readUnsignedIntegerSevenBytesOrLessTwoBytes(com.amazonaws.kinesisvideo.parser.ebml.EBMLUtilsTest)" classname="com.amazonaws.kinesisvideo.parser.ebml.EBMLUtilsTest" time="0.0"/>
  <testcase name="readUnsignedInteger on readUnsignedInteger(com.amazonaws.kinesisvideo.parser.ebml.EBMLUtilsTest)" classname="com.amazonaws.kinesisvideo.parser.ebml.EBMLUtilsTest" time="0.002">
    <system-out><![CDATA[fbb4f85f168dc4fa
]]></system-out>
  </testcase>
  <testcase name="readPositiveSignedInteger1byte on readPositiveSignedInteger1byte(com.amazonaws.kinesisvideo.parser.ebml.EBMLUtilsTest)" classname="com.amazonaws.kinesisvideo.parser.ebml.EBMLUtilsTest" time="0.0"/>
  <testcase name="readSignedInteger1byte on readSignedInteger1byte(com.amazonaws.kinesisvideo.parser.ebml.EBMLUtilsTest)" classname="com.amazonaws.kinesisvideo.parser.ebml.EBMLUtilsTest" time="0.0"/>
  <testcase name="readSignedInteger2bytes on readSignedInteger2bytes(com.amazonaws.kinesisvideo.parser.ebml.EBMLUtilsTest)" classname="com.amazonaws.kinesisvideo.parser.ebml.EBMLUtilsTest" time="0.0"/>
  <testcase name="readSignedInteger7bytes on readSignedInteger7bytes(com.amazonaws.kinesisvideo.parser.ebml.EBMLUtilsTest)" classname="com.amazonaws.kinesisvideo.parser.ebml.EBMLUtilsTest" time="0.0"/>
  <testcase name="readSignedInteger8bytes on readSignedInteger8bytes(com.amazonaws.kinesisvideo.parser.ebml.EBMLUtilsTest)" classname="com.amazonaws.kinesisvideo.parser.ebml.EBMLUtilsTest" time="0.0"/>
  <testcase name="frameDecodeCountTest on frameDecodeCountTest(com.amazonaws.kinesisvideo.parser.utilities.H264FrameDecoderTest)" classname="com.amazonaws.kinesisvideo.parser.utilities.H264FrameDecoderTest" time="2.507"/>
  <testcase name="frameDecodeForDifferentResolution on frameDecodeForDifferentResolution(com.amazonaws.kinesisvideo.parser.utilities.H264FrameDecoderTest)" classname="com.amazonaws.kinesisvideo.parser.utilities.H264FrameDecoderTest" time="3.016"/>
  <testcase name="testGStreamerFileSinkWithFactory on testGStreamerFileSinkWithFactory(com.amazonaws.kinesisvideo.parser.utilities.consumer.MergedOutputPiperTest)" classname="com.amazonaws.kinesisvideo.parser.utilities.consumer.MergedOutputPiperTest" time="0.002"/>
  <testcase name="testBasic on testBasic(com.amazonaws.kinesisvideo.parser.utilities.consumer.MergedOutputPiperTest)" classname="com.amazonaws.kinesisvideo.parser.utilities.consumer.MergedOutputPiperTest" time="0.042"/>
  <testcase name="testBasicNonIncreasingTimecode on testBasicNonIncreasingTimecode(com.amazonaws.kinesisvideo.parser.utilities.consumer.MergedOutputPiperTest)" classname="com.amazonaws.kinesisvideo.parser.utilities.consumer.MergedOutputPiperTest" time="0.018"/>
  <testcase name="testGStreamerFileSink on testGStreamerFileSink(com.amazonaws.kinesisvideo.parser.utilities.consumer.MergedOutputPiperTest)" classname="com.amazonaws.kinesisvideo.parser.utilities.consumer.MergedOutputPiperTest" time="0.0"/>
  <testcase name="testGStreamerVideoSink on testGStreamerVideoSink(com.amazonaws.kinesisvideo.parser.utilities.consumer.MergedOutputPiperTest)" classname="com.amazonaws.kinesisvideo.parser.utilities.consumer.MergedOutputPiperTest" time="0.0">
    <skipped/>
  </testcase>
  <testcase name="testExample on testExample(com.amazonaws.kinesisvideo.parser.examples.KinesisVideoGStreamerPiperExampleTest)" classname="com.amazonaws.kinesisvideo.parser.examples.KinesisVideoGStreamerPiperExampleTest" time="0.0">
    <skipped/>
  </testcase>
  <testcase name="testTwoCopiesAtOnceGetMediaOutput on testTwoCopiesAtOnceGetMediaOutput(com.amazonaws.kinesisvideo.parser.mkv.visitors.CopyVisitorTest)" classname="com.amazonaws.kinesisvideo.parser.mkv.visitors.CopyVisitorTest" time="0.019"/>
  <testcase name="testTwoCopiesAtOnce on testTwoCopiesAtOnce(com.amazonaws.kinesisvideo.parser.mkv.visitors.CopyVisitorTest)" classname="com.amazonaws.kinesisvideo.parser.mkv.visitors.CopyVisitorTest" time="0.011"/>
  <testcase name="testOneCopy on testOneCopy(com.amazonaws.kinesisvideo.parser.mkv.visitors.CopyVisitorTest)" classname="com.amazonaws.kinesisvideo.parser.mkv.visitors.CopyVisitorTest" time="0.013"/>
  <testcase name="testOneCopyGetMediaOutput on testOneCopyGetMediaOutput(com.amazonaws.kinesisvideo.parser.mkv.visitors.CopyVisitorTest)" classname="com.amazonaws.kinesisvideo.parser.mkv.visitors.CopyVisitorTest" time="0.014"/>
  <testcase name="frameCountTest on frameCountTest(com.amazonaws.kinesisvideo.parser.utilities.FrameRendererTest)" classname="com.amazonaws.kinesisvideo.parser.utilities.FrameRendererTest" time="3.167"/>
  <testcase name="frameCountTest2 on frameCountTest2(com.amazonaws.kinesisvideo.parser.utilities.FrameRendererTest)" classname="com.amazonaws.kinesisvideo.parser.utilities.FrameRendererTest" time="1.587"/>
  <testcase name="testClustersMkv on testClustersMkv(com.amazonaws.kinesisvideo.parser.mkv.EBMLParserForMkvTypeInfosTest)" classname="com.amazonaws.kinesisvideo.parser.mkv.EBMLParserForMkvTypeInfosTest" time="0.008"/>
  <testcase name="testGetDataOutputMkvTagNameWithPathFileWrite on testGetDataOutputMkvTagNameWithPathFileWrite(com.amazonaws.kinesisvideo.parser.mkv.StreamingMkvReaderTest)" classname="com.amazonaws.kinesisvideo.parser.mkv.StreamingMkvReaderTest" time="0.021"/>
  <testcase name="testClustersMkvAllElementsWithoutPath on testClustersMkvAllElementsWithoutPath(com.amazonaws.kinesisvideo.parser.mkv.StreamingMkvReaderTest)" classname="com.amazonaws.kinesisvideo.parser.mkv.StreamingMkvReaderTest" time="0.006"/>
  <testcase name="testGetDataOutputMkvAllElementsWithPath on testGetDataOutputMkvAllElementsWithPath(com.amazonaws.kinesisvideo.parser.mkv.StreamingMkvReaderTest)" classname="com.amazonaws.kinesisvideo.parser.mkv.StreamingMkvReaderTest" time="0.01"/>
  <testcase name="testClustersMkvIdAndOffset on testClustersMkvIdAndOffset(com.amazonaws.kinesisvideo.parser.mkv.StreamingMkvReaderTest)" classname="com.amazonaws.kinesisvideo.parser.mkv.StreamingMkvReaderTest" time="0.008"/>
  <testcase name="testClustersMkvAllElementsWithPath on testClustersMkvAllElementsWithPath(com.amazonaws.kinesisvideo.parser.mkv.StreamingMkvReaderTest)" classname="com.amazonaws.kinesisvideo.parser.mkv.StreamingMkvReaderTest" time="0.006"/>
  <testcase name="testClustersMkvSimpleBlockWithPath on testClustersMkvSimpleBlockWithPath(com.amazonaws.kinesisvideo.parser.mkv.StreamingMkvReaderTest)" classname="com.amazonaws.kinesisvideo.parser.mkv.StreamingMkvReaderTest" time="0.006"/>
  <testcase name="testGetDataOutputMkvTagNameWithPath on testGetDataOutputMkvTagNameWithPath(com.amazonaws.kinesisvideo.parser.mkv.StreamingMkvReaderTest)" classname="com.amazonaws.kinesisvideo.parser.mkv.StreamingMkvReaderTest" time="0.009"/>
  <testcase name="stopWithTimeCodeEqual on stopWithTimeCodeEqual(com.amazonaws.kinesisvideo.parser.utilities.OutputSegmentMergerTest)" classname="com.amazonaws.kinesisvideo.parser.utilities.OutputSegmentMergerTest" time="0.009"/>
  <testcase name="basicTest on basicTest(com.amazonaws.kinesisvideo.parser.utilities.OutputSegmentMergerTest)" classname="com.amazonaws.kinesisvideo.parser.utilities.OutputSegmentMergerTest" time="0.006"/>
  <testcase name="mergeTracksAndEBML on mergeTracksAndEBML(com.amazonaws.kinesisvideo.parser.utilities.OutputSegmentMergerTest)" classname="com.amazonaws.kinesisvideo.parser.utilities.OutputSegmentMergerTest" time="0.018"/>
  <testcase name="mergeWithTimeCodeBackwards on mergeWithTimeCodeBackwards(com.amazonaws.kinesisvideo.parser.utilities.OutputSegmentMergerTest)" classname="com.amazonaws.kinesisvideo.parser.utilities.OutputSegmentMergerTest" time="0.015"/>
  <testcase name="mergeTracks on mergeTracks(com.amazonaws.kinesisvideo.parser.utilities.OutputSegmentMergerTest)" classname="com.amazonaws.kinesisvideo.parser.utilities.OutputSegmentMergerTest" time="0.019"/>
  <testcase name="perfTest on perfTest(com.amazonaws.kinesisvideo.parser.utilities.OutputSegmentMergerTest)" classname="com.amazonaws.kinesisvideo.parser.utilities.OutputSegmentMergerTest" time="0.0">
    <skipped/>
  </testcase>
  <testcase name="packClustersWithSparseData on packClustersWithSparseData(com.amazonaws.kinesisvideo.parser.utilities.OutputSegmentMergerTest)" classname="com.amazonaws.kinesisvideo.parser.utilities.OutputSegmentMergerTest" time="0.021"/>
  <testcase name="mergeEBMLHeaders on mergeEBMLHeaders(com.amazonaws.kinesisvideo.parser.utilities.OutputSegmentMergerTest)" classname="com.amazonaws.kinesisvideo.parser.utilities.OutputSegmentMergerTest" time="0.017"/>
  <testcase name="mergeWithStopAfterFirstSegment on mergeWithStopAfterFirstSegment(com.amazonaws.kinesisvideo.parser.utilities.OutputSegmentMergerTest)" classname="com.amazonaws.kinesisvideo.parser.utilities.OutputSegmentMergerTest" time="0.007"/>
  <testcase name="stopWithTimeCodeBackwards on stopWithTimeCodeBackwards(com.amazonaws.kinesisvideo.parser.utilities.OutputSegmentMergerTest)" classname="com.amazonaws.kinesisvideo.parser.utilities.OutputSegmentMergerTest" time="0.008"/>
  <testcase name="basicTest on basicTest(com.amazonaws.kinesisvideo.parser.utilities.FragmentMetadataVisitorTest)" classname="com.amazonaws.kinesisvideo.parser.utilities.FragmentMetadataVisitorTest" time="0.012"/>
  <testcase name="withOutputSegmentMergerTest on withOutputSegmentMergerTest(com.amazonaws.kinesisvideo.parser.utilities.FragmentMetadataVisitorTest)" classname="com.amazonaws.kinesisvideo.parser.utilities.FragmentMetadataVisitorTest" time="0.012"/>
  <testcase name="testFragmentMetadata_NoFragementMetadata_withMkv on testFragmentMetadata_NoFragementMetadata_withMkv(com.amazonaws.kinesisvideo.parser.utilities.FragmentMetadataVisitorTest)" classname="com.amazonaws.kinesisvideo.parser.utilities.FragmentMetadataVisitorTest" time="0.006"/>
  <testcase name="testFragmentNumbers_NoClusterData on testFragmentNumbers_NoClusterData(com.amazonaws.kinesisvideo.parser.utilities.FragmentMetadataVisitorTest)" classname="com.amazonaws.kinesisvideo.parser.utilities.FragmentMetadataVisitorTest" time="0.001"/>
  <testcase name="testMkvTags_NoCluster on testMkvTags_NoCluster(com.amazonaws.kinesisvideo.parser.utilities.FragmentMetadataVisitorTest)" classname="com.amazonaws.kinesisvideo.parser.utilities.FragmentMetadataVisitorTest" time="0.001"/>
  <testcase name="testMkvTags_MixedCluster on testMkvTags_MixedCluster(com.amazonaws.kinesisvideo.parser.utilities.FragmentMetadataVisitorTest)" classname="com.amazonaws.kinesisvideo.parser.utilities.FragmentMetadataVisitorTest" time="0.011"/>
  <testcase name="basicTest on basicTest(com.amazonaws.kinesisvideo.parser.mkv.ElementSizeAndOffsetVisitorTest)" classname="com.amazonaws.kinesisvideo.parser.mkv.ElementSizeAndOffsetVisitorTest" time="0.008"/>
</testsuite>